DROP VIEW
DROP PROCEDURE
DROP FUNCTION
DROP TRIGGER
DROP TABLE
DROP TABLE
DROP TABLE
DROP TABLE
DROP TABLE
DROP TABLE
DROP TABLE
DROP TABLE
DROP TABLE
DROP TABLE
DROP TABLE
DROP TABLE
DROP TABLE
DROP TABLE
DROP TABLE
DROP TABLE
DROP TABLE
DROP TABLE
DROP TABLE
DROP TABLE
CREATE TABLE
CREATE TABLE
CREATE TABLE
CREATE TABLE
CREATE TABLE
CREATE TABLE
CREATE TABLE
CREATE TABLE
CREATE TABLE
CREATE TABLE
CREATE TABLE
CREATE TABLE
CREATE TABLE
CREATE TABLE
CREATE TABLE
CREATE TABLE
CREATE TABLE
CREATE TABLE
CREATE TABLE
CREATE TABLE
CREATE FUNCTION
CREATE TRIGGER
INSERT 0 2
CREATE PROCEDURE
CALL
CALL
CALL
CALL
CREATE PROCEDURE
CALL
CALL
CALL
CALL
CALL
CALL
CREATE PROCEDURE
CALL
CALL
CALL
CALL
CREATE PROCEDURE
CREATE PROCEDURE
CALL
CALL
CALL
CREATE FUNCTION
CREATE PROCEDURE
CALL
CREATE PROCEDURE
CALL
CREATE PROCEDURE
CALL
CALL
CREATE PROCEDURE
CALL
CALL
CALL
CREATE PROCEDURE
CALL
CREATE PROCEDURE
CALL
CALL
CALL
CALL
CREATE PROCEDURE
CALL
CALL
CALL
CALL
CREATE PROCEDURE
CALL
CREATE PROCEDURE
CALL
CALL
CALL
CALL
CALL
CALL
CALL
CALL
CALL
CALL
CREATE PROCEDURE
CALL
CALL
CALL
CREATE FUNCTION
CREATE FUNCTION
CREATE FUNCTION
CREATE FUNCTION
 insertmemberadult 
-------------------
                 1
(1 ligne)

 insertmemberadult 
-------------------
                 2
(1 ligne)

CREATE FUNCTION
CREATE PROCEDURE
CALL
CALL
CREATE FUNCTION
CREATE FUNCTION
CREATE FUNCTION
CREATE FUNCTION
CREATE FUNCTION
CREATE FUNCTION
CREATE FUNCTION
CREATE VIEW
CREATE VIEW
CREATE VIEW
CREATE VIEW
CREATE VIEW
CREATE VIEW
CREATE VIEW
CREATE VIEW
CREATE VIEW
